<?xml version="1.0" encoding="UTF-8"?>
<!-- Generated by org.testng.reporters.JUnitReportReporter -->
<testsuite hostname="WKMZT6377BE1.global.publicisgroupe.net" failures="0" tests="1" name="swaglabs.sampletest.TestClass" time="13.301" errors="0" timestamp="2023-09-06T11:35:22 IST" skipped="0">
  <testcase classname="swaglabs.sampletest.TestClass" name="filterByPrice" time="13.301"/>
</testsuite> <!-- swaglabs.sampletest.TestClass -->
