<?xml version="1.0" encoding="UTF-8"?>
<!-- Generated by org.testng.reporters.JUnitReportReporter -->
<testsuite hostname="WKMZT6377BE1.global.publicisgroupe.net" failures="0" tests="1" name="swaglabs.sampletest.TestClass" time="9.739" errors="0" timestamp="2023-09-01T21:09:41 IST" skipped="0">
  <testcase classname="swaglabs.sampletest.TestClass" name="testMethod" time="9.739"/>
</testsuite> <!-- swaglabs.sampletest.TestClass -->
